<?xml version="1.0" encoding="UTF-8"?>
<!-- Generated by org.testng.reporters.JUnitXMLReporter -->
<testsuite ignored="0" hostname="NARENDRA-DOL" failures="0" tests="6" name="Default test" time="16.8" errors="0" timestamp="2025-06-21T08:55:10 IST">
  <testcase classname="mypackage.NewTest" name="LoginTest" time="10.89"/>
  <testcase classname="mypackage.NewTest" name="LoginTest2" time="1.142"/>
  <testcase classname="mypackage.NewTest" name="LoginTest3" time="1.247"/>
  <testcase classname="mypackage.NewTest" name="LoginTest4" time="1.513"/>
  <testcase classname="mypackage.NewTest" name="LoginTest5" time="1.929"/>
  <testcase classname="mypackage.NewTest" name="f" time="0.002"/>
</testsuite> <!-- Default test -->
