<?xml version="1.0" encoding="UTF-8"?>
<!-- Generated by org.testng.reporters.JUnitXMLReporter -->
<testsuite ignored="2" hostname="NARENDRA-DOL" failures="0" tests="1" name="Default test" time="0.157" errors="0" timestamp="2025-06-23T15:28:35 IST">
  <testcase classname="mypackage.NewTest" name="DemoTest" time="0.036"/>
  <testcase classname="mypackage.NewTest" name="DemoTest1" time="0.0">
    <ignored/>
  </testcase> <!-- DemoTest1 -->
  <testcase classname="mypackage.NewTest" name="f" time="0.0">
    <ignored/>
  </testcase> <!-- f -->
</testsuite> <!-- Default test -->
