<?xml version="1.0" encoding="UTF-8"?>
<testng-results ignored="0" total="6" passed="6" failed="0" skipped="0">
  <reporter-output>
  </reporter-output>
  <suite started-at="2025-06-21T08:54:54 IST" name="Default suite" finished-at="2025-06-21T08:55:10 IST" duration-ms="16800">
    <groups>
    </groups>
    <test started-at="2025-06-21T08:54:54 IST" name="Default test" finished-at="2025-06-21T08:55:10 IST" duration-ms="16800">
      <class name="mypackage.NewTest">
        <test-method signature="LoginTest()[pri:0, instance:mypackage.NewTest@6f1de4c7]" started-at="2025-06-21T08:54:54 IST" name="LoginTest" finished-at="2025-06-21T08:55:04 IST" duration-ms="10890" status="PASS">
          <reporter-output>
          </reporter-output>
        </test-method> <!-- LoginTest -->
        <test-method signature="LoginTest2()[pri:0, instance:mypackage.NewTest@6f1de4c7]" started-at="2025-06-21T08:55:04 IST" name="LoginTest2" finished-at="2025-06-21T08:55:06 IST" duration-ms="1142" status="PASS">
          <reporter-output>
          </reporter-output>
        </test-method> <!-- LoginTest2 -->
        <test-method signature="LoginTest3()[pri:0, instance:mypackage.NewTest@6f1de4c7]" started-at="2025-06-21T08:55:06 IST" name="LoginTest3" finished-at="2025-06-21T08:55:07 IST" duration-ms="1247" status="PASS">
          <reporter-output>
          </reporter-output>
        </test-method> <!-- LoginTest3 -->
        <test-method signature="LoginTest4()[pri:0, instance:mypackage.NewTest@6f1de4c7]" started-at="2025-06-21T08:55:07 IST" name="LoginTest4" finished-at="2025-06-21T08:55:08 IST" duration-ms="1513" status="PASS">
          <reporter-output>
          </reporter-output>
        </test-method> <!-- LoginTest4 -->
        <test-method signature="LoginTest5()[pri:0, instance:mypackage.NewTest@6f1de4c7]" started-at="2025-06-21T08:55:08 IST" name="LoginTest5" finished-at="2025-06-21T08:55:10 IST" duration-ms="1929" status="PASS">
          <reporter-output>
          </reporter-output>
        </test-method> <!-- LoginTest5 -->
        <test-method signature="f()[pri:0, instance:mypackage.NewTest@6f1de4c7]" started-at="2025-06-21T08:55:10 IST" name="f" finished-at="2025-06-21T08:55:10 IST" duration-ms="2" status="PASS">
          <reporter-output>
          </reporter-output>
        </test-method> <!-- f -->
      </class> <!-- mypackage.NewTest -->
    </test> <!-- Default test -->
  </suite> <!-- Default suite -->
</testng-results>
