<?xml version="1.0" encoding="UTF-8"?>
<testng-results ignored="0" total="1" passed="1" failed="0" skipped="0">
  <reporter-output>
  </reporter-output>
  <suite started-at="2025-06-23T15:28:35 IST" name="Default suite" finished-at="2025-06-23T15:28:35 IST" duration-ms="157">
    <groups>
    </groups>
    <test started-at="2025-06-23T15:28:35 IST" name="Default test" finished-at="2025-06-23T15:28:35 IST" duration-ms="157">
      <class name="mypackage.NewTest">
        <test-method signature="DemoTest()[pri:0, instance:mypackage.NewTest@2ddc9a9f]" started-at="2025-06-23T15:28:35 IST" name="DemoTest" finished-at="2025-06-23T15:28:35 IST" duration-ms="36" status="PASS">
          <reporter-output>
          </reporter-output>
        </test-method> <!-- DemoTest -->
      </class> <!-- mypackage.NewTest -->
    </test> <!-- Default test -->
  </suite> <!-- Default suite -->
</testng-results>
